[debug] [2021-02-14T09:15:12.316Z] ----------------------------------------------------------------------
[debug] [2021-02-14T09:15:12.328Z] Command:       /usr/local/bin/node /usr/local/bin/firebase emulators:start --only firestore
[debug] [2021-02-14T09:15:12.330Z] CLI Version:   9.1.0
[debug] [2021-02-14T09:15:12.331Z] Platform:      linux
[debug] [2021-02-14T09:15:12.332Z] Node Version:  v15.3.0
[debug] [2021-02-14T09:15:12.346Z] Time:          Sun Feb 14 2021 09:15:12 GMT+0000 (Coordinated Universal Time)
[debug] [2021-02-14T09:15:12.347Z] ----------------------------------------------------------------------
[debug] [2021-02-14T09:15:12.349Z] 
[debug] [2021-02-14T09:15:12.369Z] >>> [apiv2][query] GET https://firebase-public.firebaseio.com/cli.json [none]
[debug] [2021-02-14T09:15:12.516Z] > command requires scopes: ["email","openid","https://www.googleapis.com/auth/cloudplatformprojects.readonly","https://www.googleapis.com/auth/firebase","https://www.googleapis.com/auth/cloud-platform"]
[debug] [2021-02-14T09:15:12.639Z] FirebaseError: Failed to authenticate, have you run firebase login?
[warn] ⚠  emulators: You are not currently authenticated so some features may not work correctly. Please run firebase login to authenticate the CLI. 
[info] i  emulators: Starting emulators: firestore {"metadata":{"emulator":{"name":"hub"},"message":"Starting emulators: firestore"}}
[debug] [2021-02-14T09:15:12.852Z] Ignoring unsupported arg: projectId {"metadata":{"emulator":{"name":"firestore"},"message":"Ignoring unsupported arg: projectId"}}
[debug] [2021-02-14T09:15:12.854Z] Ignoring unsupported arg: auto_download {"metadata":{"emulator":{"name":"firestore"},"message":"Ignoring unsupported arg: auto_download"}}
[debug] [2021-02-14T09:15:12.854Z] Starting Firestore Emulator with command {"binary":"java","args":["-Dgoogle.cloud_firestore.debug_log_level=FINE","-Duser.language=en","-jar","/root/.cache/firebase/emulators/cloud-firestore-emulator-v1.11.11.jar","--host","0.0.0.0","--port",8080,"--rules","/usr/src/app/firestore.rules"],"optionalArgs":["port","webchannel_port","host","rules","functions_emulator","seed_from_export"],"joinArgs":false} {"metadata":{"emulator":{"name":"firestore"},"message":"Starting Firestore Emulator with command {\"binary\":\"java\",\"args\":[\"-Dgoogle.cloud_firestore.debug_log_level=FINE\",\"-Duser.language=en\",\"-jar\",\"/root/.cache/firebase/emulators/cloud-firestore-emulator-v1.11.11.jar\",\"--host\",\"0.0.0.0\",\"--port\",8080,\"--rules\",\"/usr/src/app/firestore.rules\"],\"optionalArgs\":[\"port\",\"webchannel_port\",\"host\",\"rules\",\"functions_emulator\",\"seed_from_export\"],\"joinArgs\":false}"}}
[info] i  firestore: Firestore Emulator logging to firestore-debug.log {"metadata":{"emulator":{"name":"firestore"},"message":"Firestore Emulator logging to \u001b[1mfirestore-debug.log\u001b[22m"}}
[debug] [2021-02-14T09:15:13.357Z] <<< [apiv2][status] GET https://firebase-public.firebaseio.com/cli.json 200
[debug] [2021-02-14T09:15:13.358Z] <<< [apiv2][body] GET https://firebase-public.firebaseio.com/cli.json {"cloudBuildErrorAfter":1594252800000,"cloudBuildWarnAfter":1590019200000,"defaultNode10After":1594252800000,"minVersion":"3.0.5","node8DeploysDisabledAfter":1613390400000,"node8RuntimeDisabledAfter":1615809600000,"node8WarnAfter":1600128000000}
[debug] [2021-02-14T09:15:27.711Z] API endpoint: http:// {"metadata":{"emulator":{"name":"firestore"},"message":"API endpoint: http://"}}
[debug] [2021-02-14T09:15:27.725Z] 0.0.0.0:8080
If you are using a library that supports the FIRESTORE_EMULATOR_HOST environment variable, run:

   export FIRESTORE_EMULATOR_HOST=0.0.0.0:8080

Dev App Server is now running.

 {"metadata":{"emulator":{"name":"firestore"},"message":"0.0.0.0:8080\nIf you are using a library that supports the FIRESTORE_EMULATOR_HOST environment variable, run:\n\n   export FIRESTORE_EMULATOR_HOST=0.0.0.0:8080\n\nDev App Server is now running.\n\n"}}
[info] 
┌─────────────────────────────────────────────────────────────┐
│ ✔  All emulators ready! It is now safe to connect your app. │
└─────────────────────────────────────────────────────────────┘

┌───────────┬──────────────┐
│ Emulator  │ Host:Port    │
├───────────┼──────────────┤
│ Firestore │ 0.0.0.0:8080 │
└───────────┴──────────────┘
  Emulator Hub not running.
  Other reserved ports: 

Issues? Report them at https://github.com/firebase/firebase-tools/issues and attach the *-debug.log files.
 
